\BOOKMARK [1][-]{section.1}{En introduktion till Spotify}{}% 1
\BOOKMARK [2][-]{subsection.1.1}{Background}{section.1}% 2
\BOOKMARK [2][-]{subsection.1.2}{Involved Parties}{section.1}% 3
\BOOKMARK [3][-]{subsubsection.1.2.1}{Customer}{subsection.1.2}% 4
\BOOKMARK [3][-]{subsubsection.1.2.2}{Supervisor}{subsection.1.2}% 5
\BOOKMARK [3][-]{subsubsection.1.2.3}{End users}{subsection.1.2}% 6
\BOOKMARK [2][-]{subsection.1.3}{About this document}{section.1}% 7
\BOOKMARK [3][-]{subsubsection.1.3.1}{Requirement priorities}{subsection.1.3}% 8
\BOOKMARK [1][-]{section.2}{1999 - 2005, Innan det begav sig}{}% 9
\BOOKMARK [2][-]{subsection.2.1}{Background}{section.2}% 10
\BOOKMARK [2][-]{subsection.2.2}{Involved Parties}{section.2}% 11
\BOOKMARK [3][-]{subsubsection.2.2.1}{Customer}{subsection.2.2}% 12
\BOOKMARK [3][-]{subsubsection.2.2.2}{Supervisor}{subsection.2.2}% 13
\BOOKMARK [3][-]{subsubsection.2.2.3}{End users}{subsection.2.2}% 14
\BOOKMARK [2][-]{subsection.2.3}{About this document}{section.2}% 15
\BOOKMARK [3][-]{subsubsection.2.3.1}{Requirement priorities}{subsection.2.3}% 16
\BOOKMARK [1][-]{section.3}{2006 - 2007, Spotify tar form}{}% 17
\BOOKMARK [2][-]{subsection.3.1}{Background}{section.3}% 18
\BOOKMARK [2][-]{subsection.3.2}{Involved Parties}{section.3}% 19
\BOOKMARK [3][-]{subsubsection.3.2.1}{Customer}{subsection.3.2}% 20
\BOOKMARK [3][-]{subsubsection.3.2.2}{Supervisor}{subsection.3.2}% 21
\BOOKMARK [3][-]{subsubsection.3.2.3}{End users}{subsection.3.2}% 22
\BOOKMARK [2][-]{subsection.3.3}{About this document}{section.3}% 23
\BOOKMARK [3][-]{subsubsection.3.3.1}{Requirement priorities}{subsection.3.3}% 24
\BOOKMARK [1][-]{section.4}{2008 - 2009, En f\366rsta produkt}{}% 25
\BOOKMARK [2][-]{subsection.4.1}{Background}{section.4}% 26
\BOOKMARK [2][-]{subsection.4.2}{Involved Parties}{section.4}% 27
\BOOKMARK [3][-]{subsubsection.4.2.1}{Customer}{subsection.4.2}% 28
\BOOKMARK [3][-]{subsubsection.4.2.2}{Supervisor}{subsection.4.2}% 29
\BOOKMARK [3][-]{subsubsection.4.2.3}{End users}{subsection.4.2}% 30
\BOOKMARK [2][-]{subsection.4.3}{About this document}{section.4}% 31
\BOOKMARK [3][-]{subsubsection.4.3.1}{Requirement priorities}{subsection.4.3}% 32
\BOOKMARK [1][-]{section.5}{2010 - 2012, Aff\344rsplattformen}{}% 33
\BOOKMARK [2][-]{subsection.5.1}{Background}{section.5}% 34
\BOOKMARK [2][-]{subsection.5.2}{Involved Parties}{section.5}% 35
\BOOKMARK [3][-]{subsubsection.5.2.1}{Customer}{subsection.5.2}% 36
\BOOKMARK [3][-]{subsubsection.5.2.2}{Supervisor}{subsection.5.2}% 37
\BOOKMARK [3][-]{subsubsection.5.2.3}{End users}{subsection.5.2}% 38
\BOOKMARK [2][-]{subsection.5.3}{About this document}{section.5}% 39
\BOOKMARK [3][-]{subsubsection.5.3.1}{Requirement priorities}{subsection.5.3}% 40
\BOOKMARK [1][-]{section.6}{2013 - , Spotifys framtid}{}% 41
\BOOKMARK [2][-]{subsection.6.1}{Background}{section.6}% 42
\BOOKMARK [2][-]{subsection.6.2}{Involved Parties}{section.6}% 43
\BOOKMARK [3][-]{subsubsection.6.2.1}{Customer}{subsection.6.2}% 44
\BOOKMARK [3][-]{subsubsection.6.2.2}{Supervisor}{subsection.6.2}% 45
\BOOKMARK [3][-]{subsubsection.6.2.3}{End users}{subsection.6.2}% 46
\BOOKMARK [2][-]{subsection.6.3}{About this document}{section.6}% 47
\BOOKMARK [3][-]{subsubsection.6.3.1}{Requirement priorities}{subsection.6.3}% 48
\BOOKMARK [1][-]{section*.3}{References}{}% 49
